Traceback (most recent call last):
  File "/Users/akirakawai/anaconda3/lib/python3.8/site-packages/jupyter_cache/executors/utils.py", line 51, in single_nb_execution
    executenb(
  File "/Users/akirakawai/anaconda3/lib/python3.8/site-packages/nbclient/client.py", line 1087, in execute
    return NotebookClient(nb=nb, resources=resources, km=km, **kwargs).execute()
  File "/Users/akirakawai/anaconda3/lib/python3.8/site-packages/nbclient/util.py", line 74, in wrapped
    return just_run(coro(*args, **kwargs))
  File "/Users/akirakawai/anaconda3/lib/python3.8/site-packages/nbclient/util.py", line 53, in just_run
    return loop.run_until_complete(coro)
  File "/Users/akirakawai/anaconda3/lib/python3.8/asyncio/base_events.py", line 616, in run_until_complete
    return future.result()
  File "/Users/akirakawai/anaconda3/lib/python3.8/site-packages/nbclient/client.py", line 540, in async_execute
    await self.async_execute_cell(
  File "/Users/akirakawai/anaconda3/lib/python3.8/site-packages/nbclient/client.py", line 832, in async_execute_cell
    self._check_raise_for_error(cell, exec_reply)
  File "/Users/akirakawai/anaconda3/lib/python3.8/site-packages/nbclient/client.py", line 740, in _check_raise_for_error
    raise CellExecutionError.from_cell_and_msg(cell, exec_reply['content'])
nbclient.exceptions.CellExecutionError: An error occurred while executing the following cell:
------------------
### torchvision.io.read_image(path: str) -> return Tensor([ch, h, w])
path = '../src/sample.jpg'
image = read_image(path)
image.shape
------------------

[0;31m---------------------------------------------------------------------------[0m
[0;31mRuntimeError[0m                              Traceback (most recent call last)
[0;32m<ipython-input-2-1b607f34a56b>[0m in [0;36m<module>[0;34m[0m
[1;32m      1[0m [0;31m### torchvision.io.read_image(path: str) -> return Tensor([ch, h, w])[0m[0;34m[0m[0;34m[0m[0;34m[0m[0m
[1;32m      2[0m [0mpath[0m [0;34m=[0m [0;34m'../src/sample.jpg'[0m[0;34m[0m[0;34m[0m[0m
[0;32m----> 3[0;31m [0mimage[0m [0;34m=[0m [0mread_image[0m[0;34m([0m[0mpath[0m[0;34m)[0m[0;34m[0m[0;34m[0m[0m
[0m[1;32m      4[0m [0mimage[0m[0;34m.[0m[0mshape[0m[0;34m[0m[0;34m[0m[0m

[0;32m~/anaconda3/lib/python3.8/site-packages/torchvision/io/image.py[0m in [0;36mread_image[0;34m(path, mode)[0m
[1;32m    249[0m     [0;32mif[0m [0;32mnot[0m [0mtorch[0m[0;34m.[0m[0mjit[0m[0;34m.[0m[0mis_scripting[0m[0;34m([0m[0;34m)[0m [0;32mand[0m [0;32mnot[0m [0mtorch[0m[0;34m.[0m[0mjit[0m[0;34m.[0m[0mis_tracing[0m[0;34m([0m[0;34m)[0m[0;34m:[0m[0;34m[0m[0;34m[0m[0m
[1;32m    250[0m         [0m_log_api_usage_once[0m[0;34m([0m[0mread_image[0m[0;34m)[0m[0;34m[0m[0;34m[0m[0m
[0;32m--> 251[0;31m     [0mdata[0m [0;34m=[0m [0mread_file[0m[0;34m([0m[0mpath[0m[0;34m)[0m[0;34m[0m[0;34m[0m[0m
[0m[1;32m    252[0m     [0;32mreturn[0m [0mdecode_image[0m[0;34m([0m[0mdata[0m[0;34m,[0m [0mmode[0m[0;34m)[0m[0;34m[0m[0;34m[0m[0m
[1;32m    253[0m [0;34m[0m[0m

[0;32m~/anaconda3/lib/python3.8/site-packages/torchvision/io/image.py[0m in [0;36mread_file[0;34m(path)[0m
[1;32m     45[0m     [0;32mif[0m [0;32mnot[0m [0mtorch[0m[0;34m.[0m[0mjit[0m[0;34m.[0m[0mis_scripting[0m[0;34m([0m[0;34m)[0m [0;32mand[0m [0;32mnot[0m [0mtorch[0m[0;34m.[0m[0mjit[0m[0;34m.[0m[0mis_tracing[0m[0;34m([0m[0;34m)[0m[0;34m:[0m[0;34m[0m[0;34m[0m[0m
[1;32m     46[0m         [0m_log_api_usage_once[0m[0;34m([0m[0mread_file[0m[0;34m)[0m[0;34m[0m[0;34m[0m[0m
[0;32m---> 47[0;31m     [0mdata[0m [0;34m=[0m [0mtorch[0m[0;34m.[0m[0mops[0m[0;34m.[0m[0mimage[0m[0;34m.[0m[0mread_file[0m[0;34m([0m[0mpath[0m[0;34m)[0m[0;34m[0m[0;34m[0m[0m
[0m[1;32m     48[0m     [0;32mreturn[0m [0mdata[0m[0;34m[0m[0;34m[0m[0m
[1;32m     49[0m [0;34m[0m[0m

[0;32m~/anaconda3/lib/python3.8/site-packages/torch/_ops.py[0m in [0;36m__call__[0;34m(self, *args, **kwargs)[0m
[1;32m    141[0m         [0;31m# We save the function ptr as the `op` attribute on[0m[0;34m[0m[0;34m[0m[0;34m[0m[0m
[1;32m    142[0m         [0;31m# OpOverloadPacket to access it here.[0m[0;34m[0m[0;34m[0m[0;34m[0m[0m
[0;32m--> 143[0;31m         [0;32mreturn[0m [0mself[0m[0;34m.[0m[0m_op[0m[0;34m([0m[0;34m*[0m[0margs[0m[0;34m,[0m [0;34m**[0m[0mkwargs[0m [0;32mor[0m [0;34m{[0m[0;34m}[0m[0;34m)[0m[0;34m[0m[0;34m[0m[0m
[0m[1;32m    144[0m [0;34m[0m[0m
[1;32m    145[0m     [0;31m# TODO: use this to make a __dir__[0m[0;34m[0m[0;34m[0m[0;34m[0m[0m

[0;31mRuntimeError[0m: [Errno 2] No such file or directory: '../src/sample.jpg'
RuntimeError: [Errno 2] No such file or directory: '../src/sample.jpg'

